<?xml version="1.0" encoding="UTF-8"?>
<testsuite name="com.example.data.impl.network.car.usecase.GetCarTrimsUseCaseTest" tests="2" skipped="0" failures="0" errors="0" timestamp="2026-01-05T14:15:51" hostname="MacBook-Pro-Timur.local" time="0.005">
  <properties/>
  <testcase name="invoke returns trims from repository with null parameters" classname="com.example.data.impl.network.car.usecase.GetCarTrimsUseCaseTest" time="0.003"/>
  <testcase name="invoke returns trims from repository with all parameters" classname="com.example.data.impl.network.car.usecase.GetCarTrimsUseCaseTest" time="0.002"/>
  <system-out><![CDATA[]]></system-out>
  <system-err><![CDATA[]]></system-err>
</testsuite>
