<?xml version="1.0" encoding="UTF-8"?>
<testsuite name="com.example.data.impl.network.car.usecase.GetCarModelDetailsUseCaseTest" tests="1" skipped="0" failures="0" errors="0" timestamp="2026-01-05T14:15:50" hostname="MacBook-Pro-Timur.local" time="0.019">
  <properties/>
  <testcase name="invoke returns model details from repository" classname="com.example.data.impl.network.car.usecase.GetCarModelDetailsUseCaseTest" time="0.019"/>
  <system-out><![CDATA[]]></system-out>
  <system-err><![CDATA[]]></system-err>
</testsuite>
