<?xml version="1.0" encoding="UTF-8"?>
<testsuite name="com.example.favorites.impl.domain.usecase.GetFavoriteCarsUseCaseTest" tests="1" skipped="0" failures="0" errors="0" timestamp="2026-01-05T14:15:50" hostname="MacBook-Pro-Timur.local" time="0.559">
  <properties/>
  <testcase name="invoke returns flow from repository" classname="com.example.favorites.impl.domain.usecase.GetFavoriteCarsUseCaseTest" time="0.559"/>
  <system-out><![CDATA[]]></system-out>
  <system-err><![CDATA[SLF4J(W): No SLF4J providers were found.
SLF4J(W): Defaulting to no-operation (NOP) logger implementation
SLF4J(W): See https://www.slf4j.org/codes.html#noProviders for further details.
WARNING: A Java agent has been loaded dynamically (/Users/fyvak/.gradle/caches/modules-2/files-2.1/net.bytebuddy/byte-buddy-agent/1.14.17/e3c251a39dc90badaf71c83427ba46840f219d8d/byte-buddy-agent-1.14.17.jar)
WARNING: If a serviceability tool is in use, please run with -XX:+EnableDynamicAgentLoading to hide this warning
WARNING: If a serviceability tool is not in use, please run with -Djdk.instrument.traceUsage for more information
WARNING: Dynamic loading of agents will be disallowed by default in a future release
]]></system-err>
</testsuite>
