<?xml version="1.0" encoding="UTF-8"?>
<testsuite name="com.example.favorites.impl.domain.usecase.ToggleFavoriteUseCaseTest" tests="3" skipped="0" failures="0" errors="0" timestamp="2026-01-05T14:15:50" hostname="MacBook-Pro-Timur.local" time="0.032">
  <properties/>
  <testcase name="invoke adds to favorites when isFavorite is false" classname="com.example.favorites.impl.domain.usecase.ToggleFavoriteUseCaseTest" time="0.026"/>
  <testcase name="invoke creates correct FavoriteCarDomainModel when adding" classname="com.example.favorites.impl.domain.usecase.ToggleFavoriteUseCaseTest" time="0.003"/>
  <testcase name="invoke removes from favorites when isFavorite is true" classname="com.example.favorites.impl.domain.usecase.ToggleFavoriteUseCaseTest" time="0.003"/>
  <system-out><![CDATA[]]></system-out>
  <system-err><![CDATA[]]></system-err>
</testsuite>
